Using pre-set license
Built from '2021.3/staging' branch; Version is '2021.3.19f1 (c9714fde33b6) revision 13201743'; Using compiler version '192829333'; Build Type 'Release'
OS: 'Windows 11  (10.0.22621) 64bit Core' Language: 'ko' Physical Memory: 16125 MB
BatchMode: 1, IsHumanControllingUs: 0, StartBugReporterOnCrash: 0, Is64bit: 1, IsPro: 1

COMMAND LINE ARGUMENTS:
C:\Program Files\Unity\Hub\Editor\2021.3.19f1\Editor\Unity.exe
-adb2
-batchMode
-noUpm
-name
AssetImportWorker2
-projectPath
D:/quokka/Unity/CsharpUnityPractice/tower
-logFile
Logs/AssetImportWorker2.log
-srvPort
52584
Successfully changed project path to: D:/quokka/Unity/CsharpUnityPractice/tower
D:/quokka/Unity/CsharpUnityPractice/tower
[UnityMemory] Configuration Parameters - Can be set up in boot.config
    "memorysetup-bucket-allocator-granularity=16"
    "memorysetup-bucket-allocator-bucket-count=8"
    "memorysetup-bucket-allocator-block-size=33554432"
    "memorysetup-bucket-allocator-block-count=8"
    "memorysetup-main-allocator-block-size=16777216"
    "memorysetup-thread-allocator-block-size=16777216"
    "memorysetup-gfx-main-allocator-block-size=16777216"
    "memorysetup-gfx-thread-allocator-block-size=16777216"
    "memorysetup-cache-allocator-block-size=4194304"
    "memorysetup-typetree-allocator-block-size=2097152"
    "memorysetup-profiler-bucket-allocator-granularity=16"
    "memorysetup-profiler-bucket-allocator-bucket-count=8"
    "memorysetup-profiler-bucket-allocator-block-size=33554432"
    "memorysetup-profiler-bucket-allocator-block-count=8"
    "memorysetup-profiler-allocator-block-size=16777216"
    "memorysetup-profiler-editor-allocator-block-size=1048576"
    "memorysetup-temp-allocator-size-main=16777216"
    "memorysetup-job-temp-allocator-block-size=2097152"
    "memorysetup-job-temp-allocator-block-size-background=1048576"
    "memorysetup-job-temp-allocator-reduction-small-platforms=262144"
    "memorysetup-temp-allocator-size-background-worker=32768"
    "memorysetup-temp-allocator-size-job-worker=262144"
    "memorysetup-temp-allocator-size-preload-manager=33554432"
    "memorysetup-temp-allocator-size-nav-mesh-worker=65536"
    "memorysetup-temp-allocator-size-audio-worker=65536"
    "memorysetup-temp-allocator-size-cloud-worker=32768"
    "memorysetup-temp-allocator-size-gi-baking-worker=262144"
    "memorysetup-temp-allocator-size-gfx=262144"
Player connection [396] Host "[IP] 172.30.1.31 [Port] 0 [Flags] 2 [Guid] 1835086362 [EditorId] 1835086362 [Version] 1048832 [Id] WindowsEditor(7,DESKTOP-E9VNBNS) [Debug] 1 [PackageName] WindowsEditor [ProjectName] Editor" joined multi-casting on [225.0.0.222:54997]...

Player connection [396] Host "[IP] 172.30.1.31 [Port] 0 [Flags] 2 [Guid] 1835086362 [EditorId] 1835086362 [Version] 1048832 [Id] WindowsEditor(7,DESKTOP-E9VNBNS) [Debug] 1 [PackageName] WindowsEditor [ProjectName] Editor" joined alternative multi-casting on [225.0.0.222:34997]...

Refreshing native plugins compatible for Editor in 127.27 ms, found 3 plugins.
Preloading 0 native plugins for Editor in 0.00 ms.
Initialize engine version: 2021.3.19f1 (c9714fde33b6)
[Subsystems] Discovering subsystems at path C:/Program Files/Unity/Hub/Editor/2021.3.19f1/Editor/Data/Resources/UnitySubsystems
[Subsystems] Discovering subsystems at path D:/quokka/Unity/CsharpUnityPractice/tower/Assets
GfxDevice: creating device client; threaded=0; jobified=0
Direct3D:
    Version:  Direct3D 11.0 [level 11.1]
    Renderer: Intel(R) Iris(R) Xe Graphics (ID=0x46a6)
    Vendor:   Intel
    VRAM:     8062 MB
    Driver:   31.0.101.1999
Initialize mono
Mono path[0] = 'C:/Program Files/Unity/Hub/Editor/2021.3.19f1/Editor/Data/Managed'
Mono path[1] = 'C:/Program Files/Unity/Hub/Editor/2021.3.19f1/Editor/Data/MonoBleedingEdge/lib/mono/unityjit-win32'
Mono config path = 'C:/Program Files/Unity/Hub/Editor/2021.3.19f1/Editor/Data/MonoBleedingEdge/etc'
Using monoOptions --debugger-agent=transport=dt_socket,embedding=1,server=y,suspend=n,address=127.0.0.1:56996
Begin MonoManager ReloadAssembly
Registering precompiled unity dll's ...
Register platform support module: C:/Program Files/Unity/Hub/Editor/2021.3.19f1/Editor/Data/PlaybackEngines/WindowsStandaloneSupport/UnityEditor.WindowsStandalone.Extensions.dll
Registered in 0.025646 seconds.
Native extension for WindowsStandalone target not found
Refreshing native plugins compatible for Editor in 119.61 ms, found 3 plugins.
Preloading 0 native plugins for Editor in 0.00 ms.
Mono: successfully reloaded assembly
- Completed reload, in  1.287 seconds
Domain Reload Profiling:
	ReloadAssembly (1287ms)
		BeginReloadAssembly (295ms)
			ExecutionOrderSort (0ms)
			DisableScriptedObjects (0ms)
			BackupInstance (0ms)
			ReleaseScriptingObjects (0ms)
			CreateAndSetChildDomain (1ms)
		EndReloadAssembly (722ms)
			LoadAssemblies (291ms)
			RebuildTransferFunctionScriptingTraits (0ms)
			SetupTypeCache (198ms)
			ReleaseScriptCaches (0ms)
			RebuildScriptCaches (56ms)
			SetupLoadedEditorAssemblies (377ms)
				LogAssemblyErrors (0ms)
				InitializePlatformSupportModulesInManaged (14ms)
				SetLoadedEditorAssemblies (0ms)
				RefreshPlugins (120ms)
				BeforeProcessingInitializeOnLoad (2ms)
				ProcessInitializeOnLoadAttributes (170ms)
				ProcessInitializeOnLoadMethodAttributes (71ms)
				AfterProcessingInitializeOnLoad (0ms)
				EditorAssembliesLoaded (0ms)
			ExecutionOrderSort2 (0ms)
			AwakeInstancesAfterBackupRestoration (0ms)
Platform modules already initialized, skipping
Registering precompiled user dll's ...
Registered in 0.020591 seconds.
Begin MonoManager ReloadAssembly
Symbol file LoadedFromMemory doesn't match image D:\quokka\Unity\CsharpUnityPractice\tower\Library\PackageCache\com.unity.visualscripting@1.8.0\Editor\VisualScripting.Core\Dependencies\YamlDotNet\Unity.VisualScripting.YamlDotNet.dll
Symbol file LoadedFromMemory doesn't match image D:\quokka\Unity\CsharpUnityPractice\tower\Library\PackageCache\com.unity.visualscripting@1.8.0\Editor\VisualScripting.Core\Dependencies\DotNetZip\Unity.VisualScripting.IonicZip.dll
Native extension for WindowsStandalone target not found
Refreshing native plugins compatible for Editor in 0.57 ms, found 3 plugins.
Preloading 0 native plugins for Editor in 0.00 ms.
Mono: successfully reloaded assembly
- Completed reload, in  1.589 seconds
Domain Reload Profiling:
	ReloadAssembly (1590ms)
		BeginReloadAssembly (261ms)
			ExecutionOrderSort (0ms)
			DisableScriptedObjects (9ms)
			BackupInstance (0ms)
			ReleaseScriptingObjects (0ms)
			CreateAndSetChildDomain (25ms)
		EndReloadAssembly (1162ms)
			LoadAssemblies (247ms)
			RebuildTransferFunctionScriptingTraits (0ms)
			SetupTypeCache (278ms)
			ReleaseScriptCaches (0ms)
			RebuildScriptCaches (64ms)
			SetupLoadedEditorAssemblies (636ms)
				LogAssemblyErrors (0ms)
				InitializePlatformSupportModulesInManaged (8ms)
				SetLoadedEditorAssemblies (1ms)
				RefreshPlugins (1ms)
				BeforeProcessingInitializeOnLoad (91ms)
				ProcessInitializeOnLoadAttributes (503ms)
				ProcessInitializeOnLoadMethodAttributes (20ms)
				AfterProcessingInitializeOnLoad (13ms)
				EditorAssembliesLoaded (0ms)
			ExecutionOrderSort2 (0ms)
			AwakeInstancesAfterBackupRestoration (10ms)
Platform modules already initialized, skipping
========================================================================
Worker process is ready to serve import requests
Launched and connected shader compiler UnityShaderCompiler.exe after 0.10 seconds
Refreshing native plugins compatible for Editor in 0.50 ms, found 3 plugins.
Preloading 0 native plugins for Editor in 0.00 ms.
Unloading 3266 Unused Serialized files (Serialized files now loaded: 0)
Unloading 37 unused Assets / (184.3 KB). Loaded Objects now: 3736.
Memory consumption went from 118.5 MB to 118.3 MB.
Total: 5.198500 ms (FindLiveObjects: 0.338600 ms CreateObjectMapping: 0.171700 ms MarkObjects: 4.498700 ms  DeleteObjects: 0.186800 ms)

AssetImportParameters requested are different than current active one (requested -> active):
  custom:video-decoder-ogg-theora: a1e56fd34408186e4bbccfd4996cb3dc -> 
  custom:container-muxer-webm: aa71ff27fc2769a1b78a27578f13a17b -> 
  custom:container-demuxer-webm: 4f35f7cbe854078d1ac9338744f61a02 -> 
  custom:video-encoder-webm-vp8: eb34c28f22e8b96e1ab97ce403110664 -> 
  custom:audio-encoder-webm-vorbis: bf7c407c2cedff20999df2af8eb42d56 -> 
  custom:framework-win-MediaFoundation: 216162199b28c13a410421893ffa2e32 -> 
  custom:container-demuxer-ogg: 62fdf1f143b41e24485cea50d1cbac27 -> 
  custom:video-decoder-webm-vp8: 9c59270c3fd7afecdb556c50c9e8de78 -> 
  custom:audio-decoder-ogg-vorbis: bf7c407c2cedff20999df2af8eb42d56 -> 
========================================================================
Received Import Request.
  Time since last request: 171354.523875 seconds.
  path: Assets/Environment/border.prefab
  artifactKey: Guid(ca55ba1f5ededbf428a0490ff378ee7c) Importer(815301076,1909f56bfc062723c751e8b465ee728b)
Start importing Assets/Environment/border.prefab using Guid(ca55ba1f5ededbf428a0490ff378ee7c) Importer(815301076,1909f56bfc062723c751e8b465ee728b)  -> (artifact id: 'a93966d690a934140e1e7f0d346ee8b3') in 0.130537 seconds 
========================================================================
Received Import Request.
  Time since last request: 0.270738 seconds.
  path: Assets/Enemy/Enemy.mat
  artifactKey: Guid(8dcee49257cba0b4ebcc24f85736b139) Importer(815301076,1909f56bfc062723c751e8b465ee728b)
Start importing Assets/Enemy/Enemy.mat using Guid(8dcee49257cba0b4ebcc24f85736b139) Importer(815301076,1909f56bfc062723c751e8b465ee728b)  -> (artifact id: '642643e68c73f5ea569534d50ff72efc') in 0.055461 seconds 
========================================================================
Received Import Request.
  Time since last request: 1.936777 seconds.
  path: Assets/Player/body.mat
  artifactKey: Guid(cbaf032373dfb6b40b77baef62320e94) Importer(815301076,1909f56bfc062723c751e8b465ee728b)
Start importing Assets/Player/body.mat using Guid(cbaf032373dfb6b40b77baef62320e94) Importer(815301076,1909f56bfc062723c751e8b465ee728b)  -> (artifact id: '6cc6a58ce49ab603a6bcbf8b2920106d') in 0.030481 seconds 
========================================================================
Received Import Request.
  Time since last request: 0.000021 seconds.
  path: Assets/Player/top.mat
  artifactKey: Guid(b30bb8f269e154a4fbed327c78d0aef3) Importer(815301076,1909f56bfc062723c751e8b465ee728b)
Start importing Assets/Player/top.mat using Guid(b30bb8f269e154a4fbed327c78d0aef3) Importer(815301076,1909f56bfc062723c751e8b465ee728b)  -> (artifact id: '8a11859174c712cc8f4cf01c00d71ffc') in 0.021835 seconds 
========================================================================
Received Import Request.
  Time since last request: 4.025036 seconds.
  path: Assets/Tower/tower.mat
  artifactKey: Guid(d6c00d4572077f04197ba3250f0fde67) Importer(815301076,1909f56bfc062723c751e8b465ee728b)
Start importing Assets/Tower/tower.mat using Guid(d6c00d4572077f04197ba3250f0fde67) Importer(815301076,1909f56bfc062723c751e8b465ee728b)  -> (artifact id: 'f5988f41318734063aed7e6142668d96') in 0.019063 seconds 
========================================================================
Received Import Request.
  Time since last request: 0.421847 seconds.
  path: Assets/UI/dog.tga
  artifactKey: Guid(beabc4f30281a07429e18475608f263a) Importer(815301076,1909f56bfc062723c751e8b465ee728b)
Start importing Assets/UI/dog.tga using Guid(beabc4f30281a07429e18475608f263a) Importer(815301076,1909f56bfc062723c751e8b465ee728b)  -> (artifact id: '8442d13b0d08e22386ada2b261038ef2') in 0.048778 seconds 
========================================================================
Received Import Request.
  Time since last request: 0.000016 seconds.
  path: Assets/UI/UIButtonHighlighted.png
  artifactKey: Guid(5362fbfb8a7d67b499bebb4e286cea71) Importer(815301076,1909f56bfc062723c751e8b465ee728b)
Start importing Assets/UI/UIButtonHighlighted.png using Guid(5362fbfb8a7d67b499bebb4e286cea71) Importer(815301076,1909f56bfc062723c751e8b465ee728b)  -> (artifact id: '632fd602d5066999a59f784222146674') in 0.035983 seconds 
========================================================================
Received Import Request.
  Time since last request: 0.000025 seconds.
  path: Assets/UI/UIPanel.png
  artifactKey: Guid(a5a780e4a881ea44f88afed421a63c3a) Importer(815301076,1909f56bfc062723c751e8b465ee728b)
Start importing Assets/UI/UIPanel.png using Guid(a5a780e4a881ea44f88afed421a63c3a) Importer(815301076,1909f56bfc062723c751e8b465ee728b)  -> (artifact id: '2345f2278e332dcd43edf6d66b61ddde') in 0.025468 seconds 
========================================================================
Received Prepare
Registering precompiled user dll's ...
Registered in 0.006456 seconds.
Begin MonoManager ReloadAssembly
Symbol file LoadedFromMemory doesn't match image D:\quokka\Unity\CsharpUnityPractice\tower\Library\PackageCache\com.unity.visualscripting@1.8.0\Editor\VisualScripting.Core\Dependencies\YamlDotNet\Unity.VisualScripting.YamlDotNet.dll
Symbol file LoadedFromMemory doesn't match image D:\quokka\Unity\CsharpUnityPractice\tower\Library\PackageCache\com.unity.visualscripting@1.8.0\Editor\VisualScripting.Core\Dependencies\DotNetZip\Unity.VisualScripting.IonicZip.dll
Native extension for WindowsStandalone target not found
Refreshing native plugins compatible for Editor in 0.95 ms, found 3 plugins.
Preloading 0 native plugins for Editor in 0.00 ms.
Mono: successfully reloaded assembly
- Completed reload, in  2.894 seconds
Domain Reload Profiling:
	ReloadAssembly (2895ms)
		BeginReloadAssembly (293ms)
			ExecutionOrderSort (0ms)
			DisableScriptedObjects (7ms)
			BackupInstance (0ms)
			ReleaseScriptingObjects (0ms)
			CreateAndSetChildDomain (54ms)
		EndReloadAssembly (2346ms)
			LoadAssemblies (264ms)
			RebuildTransferFunctionScriptingTraits (0ms)
			SetupTypeCache (606ms)
			ReleaseScriptCaches (3ms)
			RebuildScriptCaches (103ms)
			SetupLoadedEditorAssemblies (1268ms)
				LogAssemblyErrors (0ms)
				InitializePlatformSupportModulesInManaged (43ms)
				SetLoadedEditorAssemblies (1ms)
				RefreshPlugins (1ms)
				BeforeProcessingInitializeOnLoad (154ms)
				ProcessInitializeOnLoadAttributes (966ms)
				ProcessInitializeOnLoadMethodAttributes (59ms)
				AfterProcessingInitializeOnLoad (43ms)
				EditorAssembliesLoaded (0ms)
			ExecutionOrderSort2 (0ms)
			AwakeInstancesAfterBackupRestoration (25ms)
Platform modules already initialized, skipping
Refreshing native plugins compatible for Editor in 5.10 ms, found 3 plugins.
Preloading 0 native plugins for Editor in 0.00 ms.
Unloading 3248 Unused Serialized files (Serialized files now loaded: 0)
Unloading 19 unused Assets / (151.4 KB). Loaded Objects now: 3801.
Memory consumption went from 121.6 MB to 121.4 MB.
Total: 7.367300 ms (FindLiveObjects: 0.568200 ms CreateObjectMapping: 0.379000 ms MarkObjects: 6.262500 ms  DeleteObjects: 0.153800 ms)

AssetImportParameters requested are different than current active one (requested -> active):
  custom:video-decoder-ogg-theora: a1e56fd34408186e4bbccfd4996cb3dc -> 
  custom:container-muxer-webm: aa71ff27fc2769a1b78a27578f13a17b -> 
  custom:container-demuxer-webm: 4f35f7cbe854078d1ac9338744f61a02 -> 
  custom:video-encoder-webm-vp8: eb34c28f22e8b96e1ab97ce403110664 -> 
  custom:audio-encoder-webm-vorbis: bf7c407c2cedff20999df2af8eb42d56 -> 
  custom:framework-win-MediaFoundation: 216162199b28c13a410421893ffa2e32 -> 
  custom:container-demuxer-ogg: 62fdf1f143b41e24485cea50d1cbac27 -> 
  custom:video-decoder-webm-vp8: 9c59270c3fd7afecdb556c50c9e8de78 -> 
  custom:audio-decoder-ogg-vorbis: bf7c407c2cedff20999df2af8eb42d56 -> 
========================================================================
Received Prepare
Registering precompiled user dll's ...
Registered in 0.004915 seconds.
Begin MonoManager ReloadAssembly
Symbol file LoadedFromMemory doesn't match image D:\quokka\Unity\CsharpUnityPractice\tower\Library\PackageCache\com.unity.visualscripting@1.8.0\Editor\VisualScripting.Core\Dependencies\YamlDotNet\Unity.VisualScripting.YamlDotNet.dll
Symbol file LoadedFromMemory doesn't match image D:\quokka\Unity\CsharpUnityPractice\tower\Library\PackageCache\com.unity.visualscripting@1.8.0\Editor\VisualScripting.Core\Dependencies\DotNetZip\Unity.VisualScripting.IonicZip.dll
Native extension for WindowsStandalone target not found
Refreshing native plugins compatible for Editor in 0.72 ms, found 3 plugins.
Preloading 0 native plugins for Editor in 0.00 ms.
Mono: successfully reloaded assembly
- Completed reload, in  2.018 seconds
Domain Reload Profiling:
	ReloadAssembly (2021ms)
		BeginReloadAssembly (544ms)
			ExecutionOrderSort (0ms)
			DisableScriptedObjects (32ms)
			BackupInstance (0ms)
			ReleaseScriptingObjects (0ms)
			CreateAndSetChildDomain (186ms)
		EndReloadAssembly (1327ms)
			LoadAssemblies (222ms)
			RebuildTransferFunctionScriptingTraits (0ms)
			SetupTypeCache (369ms)
			ReleaseScriptCaches (1ms)
			RebuildScriptCaches (56ms)
			SetupLoadedEditorAssemblies (705ms)
				LogAssemblyErrors (0ms)
				InitializePlatformSupportModulesInManaged (23ms)
				SetLoadedEditorAssemblies (1ms)
				RefreshPlugins (1ms)
				BeforeProcessingInitializeOnLoad (100ms)
				ProcessInitializeOnLoadAttributes (534ms)
				ProcessInitializeOnLoadMethodAttributes (26ms)
				AfterProcessingInitializeOnLoad (20ms)
				EditorAssembliesLoaded (0ms)
			ExecutionOrderSort2 (0ms)
			AwakeInstancesAfterBackupRestoration (14ms)
Platform modules already initialized, skipping
Refreshing native plugins compatible for Editor in 2.94 ms, found 3 plugins.
Preloading 0 native plugins for Editor in 0.00 ms.
Unloading 3248 Unused Serialized files (Serialized files now loaded: 0)
Unloading 18 unused Assets / (150.9 KB). Loaded Objects now: 3816.
Memory consumption went from 121.6 MB to 121.4 MB.
Total: 6.279600 ms (FindLiveObjects: 0.411900 ms CreateObjectMapping: 0.239200 ms MarkObjects: 5.478000 ms  DeleteObjects: 0.148500 ms)

AssetImportParameters requested are different than current active one (requested -> active):
  custom:video-decoder-ogg-theora: a1e56fd34408186e4bbccfd4996cb3dc -> 
  custom:container-muxer-webm: aa71ff27fc2769a1b78a27578f13a17b -> 
  custom:container-demuxer-webm: 4f35f7cbe854078d1ac9338744f61a02 -> 
  custom:video-encoder-webm-vp8: eb34c28f22e8b96e1ab97ce403110664 -> 
  custom:audio-encoder-webm-vorbis: bf7c407c2cedff20999df2af8eb42d56 -> 
  custom:framework-win-MediaFoundation: 216162199b28c13a410421893ffa2e32 -> 
  custom:container-demuxer-ogg: 62fdf1f143b41e24485cea50d1cbac27 -> 
  custom:video-decoder-webm-vp8: 9c59270c3fd7afecdb556c50c9e8de78 -> 
  custom:audio-decoder-ogg-vorbis: bf7c407c2cedff20999df2af8eb42d56 -> 
========================================================================
Received Prepare
Registering precompiled user dll's ...
Registered in 0.005938 seconds.
Begin MonoManager ReloadAssembly
Symbol file LoadedFromMemory doesn't match image D:\quokka\Unity\CsharpUnityPractice\tower\Library\PackageCache\com.unity.visualscripting@1.8.0\Editor\VisualScripting.Core\Dependencies\YamlDotNet\Unity.VisualScripting.YamlDotNet.dll
Symbol file LoadedFromMemory doesn't match image D:\quokka\Unity\CsharpUnityPractice\tower\Library\PackageCache\com.unity.visualscripting@1.8.0\Editor\VisualScripting.Core\Dependencies\DotNetZip\Unity.VisualScripting.IonicZip.dll
Native extension for WindowsStandalone target not found
Refreshing native plugins compatible for Editor in 0.73 ms, found 3 plugins.
Preloading 0 native plugins for Editor in 0.00 ms.
Mono: successfully reloaded assembly
- Completed reload, in  1.423 seconds
Domain Reload Profiling:
	ReloadAssembly (1424ms)
		BeginReloadAssembly (143ms)
			ExecutionOrderSort (0ms)
			DisableScriptedObjects (4ms)
			BackupInstance (0ms)
			ReleaseScriptingObjects (0ms)
			CreateAndSetChildDomain (31ms)
		EndReloadAssembly (1173ms)
			LoadAssemblies (107ms)
			RebuildTransferFunctionScriptingTraits (0ms)
			SetupTypeCache (306ms)
			ReleaseScriptCaches (2ms)
			RebuildScriptCaches (52ms)
			SetupLoadedEditorAssemblies (656ms)
				LogAssemblyErrors (0ms)
				InitializePlatformSupportModulesInManaged (21ms)
				SetLoadedEditorAssemblies (1ms)
				RefreshPlugins (1ms)
				BeforeProcessingInitializeOnLoad (84ms)
				ProcessInitializeOnLoadAttributes (509ms)
				ProcessInitializeOnLoadMethodAttributes (24ms)
				AfterProcessingInitializeOnLoad (16ms)
				EditorAssembliesLoaded (0ms)
			ExecutionOrderSort2 (0ms)
			AwakeInstancesAfterBackupRestoration (12ms)
Platform modules already initialized, skipping
Refreshing native plugins compatible for Editor in 3.84 ms, found 3 plugins.
Preloading 0 native plugins for Editor in 0.00 ms.
Unloading 3248 Unused Serialized files (Serialized files now loaded: 0)
Unloading 18 unused Assets / (150.9 KB). Loaded Objects now: 3831.
Memory consumption went from 121.6 MB to 121.5 MB.
Total: 3.746300 ms (FindLiveObjects: 0.258400 ms CreateObjectMapping: 0.123000 ms MarkObjects: 3.245500 ms  DeleteObjects: 0.118100 ms)

AssetImportParameters requested are different than current active one (requested -> active):
  custom:video-decoder-ogg-theora: a1e56fd34408186e4bbccfd4996cb3dc -> 
  custom:container-muxer-webm: aa71ff27fc2769a1b78a27578f13a17b -> 
  custom:container-demuxer-webm: 4f35f7cbe854078d1ac9338744f61a02 -> 
  custom:video-encoder-webm-vp8: eb34c28f22e8b96e1ab97ce403110664 -> 
  custom:audio-encoder-webm-vorbis: bf7c407c2cedff20999df2af8eb42d56 -> 
  custom:framework-win-MediaFoundation: 216162199b28c13a410421893ffa2e32 -> 
  custom:container-demuxer-ogg: 62fdf1f143b41e24485cea50d1cbac27 -> 
  custom:video-decoder-webm-vp8: 9c59270c3fd7afecdb556c50c9e8de78 -> 
  custom:audio-decoder-ogg-vorbis: bf7c407c2cedff20999df2af8eb42d56 -> 
========================================================================
Received Import Request.
  Time since last request: 84077.200040 seconds.
  path: Assets/Scripts/Attacks
  artifactKey: Guid(52f9910473157cc48bf38fc66590d6cd) Importer(815301076,1909f56bfc062723c751e8b465ee728b)
Start importing Assets/Scripts/Attacks using Guid(52f9910473157cc48bf38fc66590d6cd) Importer(815301076,1909f56bfc062723c751e8b465ee728b)  -> (artifact id: '554f70d2469b3c5f49e8fd70f6e95832') in 0.013681 seconds 
========================================================================
Received Import Request.
  Time since last request: 15.980519 seconds.
  path: Assets/Scripts/Player
  artifactKey: Guid(9e5fa9db803ffee42b2ddf2daab1e9af) Importer(815301076,1909f56bfc062723c751e8b465ee728b)
Start importing Assets/Scripts/Player using Guid(9e5fa9db803ffee42b2ddf2daab1e9af) Importer(815301076,1909f56bfc062723c751e8b465ee728b)  -> (artifact id: 'b10bef1082085647d36a25e29418935e') in 0.004262 seconds 
========================================================================
Received Prepare
Registering precompiled user dll's ...
Registered in 0.007887 seconds.
Begin MonoManager ReloadAssembly
Symbol file LoadedFromMemory doesn't match image D:\quokka\Unity\CsharpUnityPractice\tower\Library\PackageCache\com.unity.visualscripting@1.8.0\Editor\VisualScripting.Core\Dependencies\YamlDotNet\Unity.VisualScripting.YamlDotNet.dll
Symbol file LoadedFromMemory doesn't match image D:\quokka\Unity\CsharpUnityPractice\tower\Library\PackageCache\com.unity.visualscripting@1.8.0\Editor\VisualScripting.Core\Dependencies\DotNetZip\Unity.VisualScripting.IonicZip.dll
Native extension for WindowsStandalone target not found
Refreshing native plugins compatible for Editor in 0.75 ms, found 3 plugins.
Preloading 0 native plugins for Editor in 0.00 ms.
Mono: successfully reloaded assembly
- Completed reload, in  1.590 seconds
Domain Reload Profiling:
	ReloadAssembly (1591ms)
		BeginReloadAssembly (189ms)
			ExecutionOrderSort (0ms)
			DisableScriptedObjects (4ms)
			BackupInstance (0ms)
			ReleaseScriptingObjects (0ms)
			CreateAndSetChildDomain (40ms)
		EndReloadAssembly (1251ms)
			LoadAssemblies (143ms)
			RebuildTransferFunctionScriptingTraits (0ms)
			SetupTypeCache (384ms)
			ReleaseScriptCaches (2ms)
			RebuildScriptCaches (56ms)
			SetupLoadedEditorAssemblies (629ms)
				LogAssemblyErrors (0ms)
				InitializePlatformSupportModulesInManaged (24ms)
				SetLoadedEditorAssemblies (1ms)
				RefreshPlugins (1ms)
				BeforeProcessingInitializeOnLoad (88ms)
				ProcessInitializeOnLoadAttributes (471ms)
				ProcessInitializeOnLoadMethodAttributes (23ms)
				AfterProcessingInitializeOnLoad (22ms)
				EditorAssembliesLoaded (0ms)
			ExecutionOrderSort2 (0ms)
			AwakeInstancesAfterBackupRestoration (13ms)
Platform modules already initialized, skipping
Refreshing native plugins compatible for Editor in 4.86 ms, found 3 plugins.
Preloading 0 native plugins for Editor in 0.00 ms.
Unloading 3214 Unused Serialized files (Serialized files now loaded: 0)
Unloading 52 unused Assets / (151.0 KB). Loaded Objects now: 3812.
Memory consumption went from 120.9 MB to 120.8 MB.
Total: 5.800600 ms (FindLiveObjects: 0.423700 ms CreateObjectMapping: 0.281300 ms MarkObjects: 4.906000 ms  DeleteObjects: 0.187500 ms)

AssetImportParameters requested are different than current active one (requested -> active):
  custom:video-decoder-ogg-theora: a1e56fd34408186e4bbccfd4996cb3dc -> 
  custom:container-muxer-webm: aa71ff27fc2769a1b78a27578f13a17b -> 
  custom:container-demuxer-webm: 4f35f7cbe854078d1ac9338744f61a02 -> 
  custom:video-encoder-webm-vp8: eb34c28f22e8b96e1ab97ce403110664 -> 
  custom:audio-encoder-webm-vorbis: bf7c407c2cedff20999df2af8eb42d56 -> 
  custom:framework-win-MediaFoundation: 216162199b28c13a410421893ffa2e32 -> 
  custom:container-demuxer-ogg: 62fdf1f143b41e24485cea50d1cbac27 -> 
  custom:video-decoder-webm-vp8: 9c59270c3fd7afecdb556c50c9e8de78 -> 
  custom:audio-decoder-ogg-vorbis: bf7c407c2cedff20999df2af8eb42d56 -> 
========================================================================
Received Prepare
Registering precompiled user dll's ...
Registered in 0.013907 seconds.
Begin MonoManager ReloadAssembly
Symbol file LoadedFromMemory doesn't match image D:\quokka\Unity\CsharpUnityPractice\tower\Library\PackageCache\com.unity.visualscripting@1.8.0\Editor\VisualScripting.Core\Dependencies\YamlDotNet\Unity.VisualScripting.YamlDotNet.dll
Symbol file LoadedFromMemory doesn't match image D:\quokka\Unity\CsharpUnityPractice\tower\Library\PackageCache\com.unity.visualscripting@1.8.0\Editor\VisualScripting.Core\Dependencies\DotNetZip\Unity.VisualScripting.IonicZip.dll
Native extension for WindowsStandalone target not found
Refreshing native plugins compatible for Editor in 1.11 ms, found 3 plugins.
Preloading 0 native plugins for Editor in 0.00 ms.
Mono: successfully reloaded assembly
- Completed reload, in  2.837 seconds
Domain Reload Profiling:
	ReloadAssembly (2838ms)
		BeginReloadAssembly (282ms)
			ExecutionOrderSort (0ms)
			DisableScriptedObjects (7ms)
			BackupInstance (0ms)
			ReleaseScriptingObjects (0ms)
			CreateAndSetChildDomain (52ms)
		EndReloadAssembly (2330ms)
			LoadAssemblies (228ms)
			RebuildTransferFunctionScriptingTraits (0ms)
			SetupTypeCache (560ms)
			ReleaseScriptCaches (3ms)
			RebuildScriptCaches (344ms)
			SetupLoadedEditorAssemblies (960ms)
				LogAssemblyErrors (0ms)
				InitializePlatformSupportModulesInManaged (46ms)
				SetLoadedEditorAssemblies (1ms)
				RefreshPlugins (1ms)
				BeforeProcessingInitializeOnLoad (135ms)
				ProcessInitializeOnLoadAttributes (702ms)
				ProcessInitializeOnLoadMethodAttributes (37ms)
				AfterProcessingInitializeOnLoad (37ms)
				EditorAssembliesLoaded (0ms)
			ExecutionOrderSort2 (0ms)
			AwakeInstancesAfterBackupRestoration (23ms)
Platform modules already initialized, skipping
Refreshing native plugins compatible for Editor in 2.24 ms, found 3 plugins.
Preloading 0 native plugins for Editor in 0.00 ms.
Unloading 3214 Unused Serialized files (Serialized files now loaded: 0)
Unloading 18 unused Assets / (150.9 KB). Loaded Objects now: 3827.
Memory consumption went from 120.8 MB to 120.7 MB.
Total: 4.075900 ms (FindLiveObjects: 0.257900 ms CreateObjectMapping: 0.115200 ms MarkObjects: 3.564500 ms  DeleteObjects: 0.136400 ms)

AssetImportParameters requested are different than current active one (requested -> active):
  custom:video-decoder-ogg-theora: a1e56fd34408186e4bbccfd4996cb3dc -> 
  custom:container-muxer-webm: aa71ff27fc2769a1b78a27578f13a17b -> 
  custom:container-demuxer-webm: 4f35f7cbe854078d1ac9338744f61a02 -> 
  custom:video-encoder-webm-vp8: eb34c28f22e8b96e1ab97ce403110664 -> 
  custom:audio-encoder-webm-vorbis: bf7c407c2cedff20999df2af8eb42d56 -> 
  custom:framework-win-MediaFoundation: 216162199b28c13a410421893ffa2e32 -> 
  custom:container-demuxer-ogg: 62fdf1f143b41e24485cea50d1cbac27 -> 
  custom:video-decoder-webm-vp8: 9c59270c3fd7afecdb556c50c9e8de78 -> 
  custom:audio-decoder-ogg-vorbis: bf7c407c2cedff20999df2af8eb42d56 -> 
========================================================================
Received Import Request.
  Time since last request: 61.721098 seconds.
  path: Assets/Tower/TargetLocator.cs
  artifactKey: Guid(92c176c6c6a77014e933c46d5685d918) Importer(815301076,1909f56bfc062723c751e8b465ee728b)
Start importing Assets/Tower/TargetLocator.cs using Guid(92c176c6c6a77014e933c46d5685d918) Importer(815301076,1909f56bfc062723c751e8b465ee728b)  -> (artifact id: '7e8f8781a8cfe88dfd48a8f93d1425ae') in 0.033884 seconds 
========================================================================
Received Import Request.
  Time since last request: 0.000042 seconds.
  path: Assets/Tower/tower.prefab
  artifactKey: Guid(8f7a079d831a05b4b9d5080a9ea5a9a4) Importer(815301076,1909f56bfc062723c751e8b465ee728b)
Start importing Assets/Tower/tower.prefab using Guid(8f7a079d831a05b4b9d5080a9ea5a9a4) Importer(815301076,1909f56bfc062723c751e8b465ee728b)  -> (artifact id: '525e0e2b56f37ed3a021d11787db89f4') in 0.123487 seconds 
========================================================================
Received Import Request.
  Time since last request: 12.200930 seconds.
  path: Assets/PathFinding/GridManager.cs
  artifactKey: Guid(7135d2aa732626640b6cb3acc64a88dd) Importer(815301076,1909f56bfc062723c751e8b465ee728b)
Start importing Assets/PathFinding/GridManager.cs using Guid(7135d2aa732626640b6cb3acc64a88dd) Importer(815301076,1909f56bfc062723c751e8b465ee728b)  -> (artifact id: '14a34e4faff79444b32da29316a320c3') in 0.006553 seconds 
========================================================================
Received Import Request.
  Time since last request: 0.630458 seconds.
  path: Assets/PathFinding/PathFinder.cs
  artifactKey: Guid(3db172fd496c24e4eb516ab436ad5367) Importer(815301076,1909f56bfc062723c751e8b465ee728b)
Start importing Assets/PathFinding/PathFinder.cs using Guid(3db172fd496c24e4eb516ab436ad5367) Importer(815301076,1909f56bfc062723c751e8b465ee728b)  -> (artifact id: '24e748de6f3d3f735fea998f20563f6f') in 0.006954 seconds 
========================================================================
Received Import Request.
  Time since last request: 59.333734 seconds.
  path: Assets/Player/PlayerMover.cs
  artifactKey: Guid(899729b560fd5454ba46fe178bcf070a) Importer(815301076,1909f56bfc062723c751e8b465ee728b)
Start importing Assets/Player/PlayerMover.cs using Guid(899729b560fd5454ba46fe178bcf070a) Importer(815301076,1909f56bfc062723c751e8b465ee728b)  -> (artifact id: '17efa07686fced6401842aba2f47a4d4') in 0.004183 seconds 
========================================================================
Received Import Request.
  Time since last request: 17.909304 seconds.
  path: Assets/Fonts/LuckiestGuy.ttf
  artifactKey: Guid(46238fb1ad7a7a84ba8954c1c860994c) Importer(815301076,1909f56bfc062723c751e8b465ee728b)
Start importing Assets/Fonts/LuckiestGuy.ttf using Guid(46238fb1ad7a7a84ba8954c1c860994c) Importer(815301076,1909f56bfc062723c751e8b465ee728b)  -> (artifact id: '8746903097576c4e4d4d1616dbf7d061') in 0.057438 seconds 
========================================================================
Received Import Request.
  Time since last request: 1.195701 seconds.
  path: Assets/Environment/stand.mat
  artifactKey: Guid(f8172ced883e4544c93c9302590fb384) Importer(815301076,1909f56bfc062723c751e8b465ee728b)
Start importing Assets/Environment/stand.mat using Guid(f8172ced883e4544c93c9302590fb384) Importer(815301076,1909f56bfc062723c751e8b465ee728b)  -> (artifact id: '5a89d0bfd5bbbfeba93db607dcceaf0c') in 0.026559 seconds 
========================================================================
Received Import Request.
  Time since last request: 0.040509 seconds.
  path: Assets/Environment/tile Variant 1.prefab
  artifactKey: Guid(62a735f43630ee44e8a71fa1ee6b74b9) Importer(815301076,1909f56bfc062723c751e8b465ee728b)
Start importing Assets/Environment/tile Variant 1.prefab using Guid(62a735f43630ee44e8a71fa1ee6b74b9) Importer(815301076,1909f56bfc062723c751e8b465ee728b)  -> (artifact id: '1783719e91ec96c111004fef258576d7') in 0.083860 seconds 
========================================================================
Received Import Request.
  Time since last request: 1.799510 seconds.
  path: Assets/Environment/ObjectPool.cs
  artifactKey: Guid(2cad9a624a3fc9244afda7e7ea7f95da) Importer(815301076,1909f56bfc062723c751e8b465ee728b)
Start importing Assets/Environment/ObjectPool.cs using Guid(2cad9a624a3fc9244afda7e7ea7f95da) Importer(815301076,1909f56bfc062723c751e8b465ee728b)  -> (artifact id: '0a05371d73befaada26fb94cb6d5f713') in 0.004074 seconds 
========================================================================
Received Import Request.
  Time since last request: 2580.925996 seconds.
  path: Assets/PathFinding/Node.cs
  artifactKey: Guid(ebd30520715020841b70aafcca80c679) Importer(815301076,1909f56bfc062723c751e8b465ee728b)
Start importing Assets/PathFinding/Node.cs using Guid(ebd30520715020841b70aafcca80c679) Importer(815301076,1909f56bfc062723c751e8b465ee728b)  -> (artifact id: 'f25629e86eb24241081f45fbdad2ea1f') in 0.021434 seconds 
========================================================================
Received Import Request.
  Time since last request: 8.715578 seconds.
  path: Assets/Enemy/EnemyMover.cs
  artifactKey: Guid(d3f6cdc9d42b48b42a81b45200aeaa74) Importer(815301076,1909f56bfc062723c751e8b465ee728b)
Start importing Assets/Enemy/EnemyMover.cs using Guid(d3f6cdc9d42b48b42a81b45200aeaa74) Importer(815301076,1909f56bfc062723c751e8b465ee728b)  -> (artifact id: '6d7770f4cc45eafa370b97fdc9a7fd39') in 0.006756 seconds 
========================================================================
Received Import Request.
  Time since last request: 271.477826 seconds.
  path: Assets/Environment/CoordinateLabeler.cs
  artifactKey: Guid(00a38e703d605c549a08be65e592c3ee) Importer(815301076,1909f56bfc062723c751e8b465ee728b)
Start importing Assets/Environment/CoordinateLabeler.cs using Guid(00a38e703d605c549a08be65e592c3ee) Importer(815301076,1909f56bfc062723c751e8b465ee728b)  -> (artifact id: '7586dc943037fa66155534a6c776bc78') in 0.009220 seconds 
========================================================================
Received Import Request.
  Time since last request: 443.582413 seconds.
  path: Assets/Scenes/stage01.unity
  artifactKey: Guid(5220759531d151a46ad4053e0c663088) Importer(815301076,1909f56bfc062723c751e8b465ee728b)
Start importing Assets/Scenes/stage01.unity using Guid(5220759531d151a46ad4053e0c663088) Importer(815301076,1909f56bfc062723c751e8b465ee728b)  -> (artifact id: 'da4c066f77fa2cd255758aca8cbcfa1e') in 0.021302 seconds 
========================================================================
Received Prepare
Registering precompiled user dll's ...
Registered in 0.008748 seconds.
Begin MonoManager ReloadAssembly
Symbol file LoadedFromMemory doesn't match image D:\quokka\Unity\CsharpUnityPractice\tower\Library\PackageCache\com.unity.visualscripting@1.8.0\Editor\VisualScripting.Core\Dependencies\YamlDotNet\Unity.VisualScripting.YamlDotNet.dll
Symbol file LoadedFromMemory doesn't match image D:\quokka\Unity\CsharpUnityPractice\tower\Library\PackageCache\com.unity.visualscripting@1.8.0\Editor\VisualScripting.Core\Dependencies\DotNetZip\Unity.VisualScripting.IonicZip.dll
Native extension for WindowsStandalone target not found
Refreshing native plugins compatible for Editor in 0.59 ms, found 3 plugins.
Preloading 0 native plugins for Editor in 0.00 ms.
Mono: successfully reloaded assembly
- Completed reload, in  1.922 seconds
Domain Reload Profiling:
	ReloadAssembly (1924ms)
		BeginReloadAssembly (377ms)
			ExecutionOrderSort (0ms)
			DisableScriptedObjects (15ms)
			BackupInstance (0ms)
			ReleaseScriptingObjects (0ms)
			CreateAndSetChildDomain (131ms)
		EndReloadAssembly (1388ms)
			LoadAssemblies (207ms)
			RebuildTransferFunctionScriptingTraits (0ms)
			SetupTypeCache (397ms)
			ReleaseScriptCaches (1ms)
			RebuildScriptCaches (61ms)
			SetupLoadedEditorAssemblies (734ms)
				LogAssemblyErrors (0ms)
				InitializePlatformSupportModulesInManaged (26ms)
				SetLoadedEditorAssemblies (1ms)
				RefreshPlugins (1ms)
				BeforeProcessingInitializeOnLoad (87ms)
				ProcessInitializeOnLoadAttributes (565ms)
				ProcessInitializeOnLoadMethodAttributes (29ms)
				AfterProcessingInitializeOnLoad (24ms)
				EditorAssembliesLoaded (0ms)
			ExecutionOrderSort2 (0ms)
			AwakeInstancesAfterBackupRestoration (11ms)
Platform modules already initialized, skipping
Refreshing native plugins compatible for Editor in 3.02 ms, found 3 plugins.
Preloading 0 native plugins for Editor in 0.00 ms.
Unloading 3214 Unused Serialized files (Serialized files now loaded: 0)
Unloading 18 unused Assets / (150.9 KB). Loaded Objects now: 3848.
Memory consumption went from 121.0 MB to 120.9 MB.
Total: 7.825400 ms (FindLiveObjects: 0.437500 ms CreateObjectMapping: 0.208400 ms MarkObjects: 7.009300 ms  DeleteObjects: 0.167300 ms)

AssetImportParameters requested are different than current active one (requested -> active):
  custom:video-decoder-ogg-theora: a1e56fd34408186e4bbccfd4996cb3dc -> 
  custom:container-muxer-webm: aa71ff27fc2769a1b78a27578f13a17b -> 
  custom:container-demuxer-webm: 4f35f7cbe854078d1ac9338744f61a02 -> 
  custom:video-encoder-webm-vp8: eb34c28f22e8b96e1ab97ce403110664 -> 
  custom:audio-encoder-webm-vorbis: bf7c407c2cedff20999df2af8eb42d56 -> 
  custom:framework-win-MediaFoundation: 216162199b28c13a410421893ffa2e32 -> 
  custom:container-demuxer-ogg: 62fdf1f143b41e24485cea50d1cbac27 -> 
  custom:video-decoder-webm-vp8: 9c59270c3fd7afecdb556c50c9e8de78 -> 
  custom:audio-decoder-ogg-vorbis: bf7c407c2cedff20999df2af8eb42d56 -> 
